  [1m[35m (830.5ms)[0m  [1m[35mCREATE DATABASE "blog_post_challenge_development" ENCODING = 'unicode'[0m
  [1m[35m (348.7ms)[0m  [1m[35mCREATE DATABASE "blog_post_challenge_test" ENCODING = 'unicode'[0m
  [1m[35m (112.6ms)[0m  [1m[35mCREATE TABLE "schema_migrations" ("version" character varying NOT NULL PRIMARY KEY)[0m
  [1m[35m (31.4ms)[0m  [1m[35mCREATE TABLE "ar_internal_metadata" ("key" character varying NOT NULL PRIMARY KEY, "value" character varying, "created_at" timestamp(6) NOT NULL, "updated_at" timestamp(6) NOT NULL)[0m
  [1m[35m (4.3ms)[0m  [1m[34mSELECT pg_try_advisory_lock(6241458340490022510)[0m
  [1m[36mActiveRecord::SchemaMigration Pluck (26.3ms)[0m  [1m[34mSELECT "schema_migrations"."version" FROM "schema_migrations" ORDER BY "schema_migrations"."version" ASC[0m
  [1m[36mActiveRecord::InternalMetadata Load (26.6ms)[0m  [1m[34mSELECT "ar_internal_metadata".* FROM "ar_internal_metadata" WHERE "ar_internal_metadata"."key" = $1 LIMIT $2[0m  [["key", "environment"], ["LIMIT", 1]]
  [1m[36mTRANSACTION (0.3ms)[0m  [1m[35mBEGIN[0m
  [1m[36mActiveRecord::InternalMetadata Create (33.7ms)[0m  [1m[32mINSERT INTO "ar_internal_metadata" ("key", "value", "created_at", "updated_at") VALUES ($1, $2, $3, $4) RETURNING "key"[0m  [["key", "environment"], ["value", "development"], ["created_at", "2022-03-23 18:14:22.972185"], ["updated_at", "2022-03-23 18:14:22.972185"]]
  [1m[36mTRANSACTION (0.8ms)[0m  [1m[35mCOMMIT[0m
  [1m[35m (0.5ms)[0m  [1m[34mSELECT pg_advisory_unlock(6241458340490022510)[0m
  [1m[36mActiveRecord::SchemaMigration Pluck (1.0ms)[0m  [1m[34mSELECT "schema_migrations"."version" FROM "schema_migrations" ORDER BY "schema_migrations"."version" ASC[0m
Started GET "/" for 127.0.0.1 at 2022-03-23 11:15:13 -0700
  [1m[36mActiveRecord::SchemaMigration Pluck (27.5ms)[0m  [1m[34mSELECT "schema_migrations"."version" FROM "schema_migrations" ORDER BY "schema_migrations"."version" ASC[0m
Processing by Rails::WelcomeController#index as HTML
  Rendering /Users/learnacademy/.rvm/gems/ruby-3.0.0/gems/railties-7.0.2.3/lib/rails/templates/rails/welcome/index.html.erb
  Rendered /Users/learnacademy/.rvm/gems/ruby-3.0.0/gems/railties-7.0.2.3/lib/rails/templates/rails/welcome/index.html.erb (Duration: 9.1ms | Allocations: 746)
Completed 200 OK in 82ms (Views: 31.9ms | ActiveRecord: 0.0ms | Allocations: 7039)


  [1m[35m (0.7ms)[0m  [1m[34mSELECT pg_try_advisory_lock(6241458340490022510)[0m
  [1m[36mActiveRecord::SchemaMigration Pluck (1.4ms)[0m  [1m[34mSELECT "schema_migrations"."version" FROM "schema_migrations" ORDER BY "schema_migrations"."version" ASC[0m
Migrating to CreateBlogs (20220323181819)
  [1m[36mTRANSACTION (24.8ms)[0m  [1m[35mBEGIN[0m
  [1m[35m (19.1ms)[0m  [1m[35mCREATE TABLE "blogs" ("id" bigserial primary key, "title" character varying, "content" character varying, "created_at" timestamp(6) NOT NULL, "updated_at" timestamp(6) NOT NULL)[0m
  [1m[36mActiveRecord::SchemaMigration Create (19.4ms)[0m  [1m[32mINSERT INTO "schema_migrations" ("version") VALUES ($1) RETURNING "version"[0m  [["version", "20220323181819"]]
  [1m[36mTRANSACTION (1.0ms)[0m  [1m[35mCOMMIT[0m
  [1m[36mActiveRecord::InternalMetadata Load (1.9ms)[0m  [1m[34mSELECT "ar_internal_metadata".* FROM "ar_internal_metadata" WHERE "ar_internal_metadata"."key" = $1 LIMIT $2[0m  [["key", "environment"], ["LIMIT", 1]]
  [1m[35m (0.7ms)[0m  [1m[34mSELECT pg_advisory_unlock(6241458340490022510)[0m
  [1m[36mActiveRecord::SchemaMigration Pluck (1.9ms)[0m  [1m[34mSELECT "schema_migrations"."version" FROM "schema_migrations" ORDER BY "schema_migrations"."version" ASC[0m
Started GET "/" for 127.0.0.1 at 2022-03-23 11:32:10 -0700
  [1m[36mActiveRecord::SchemaMigration Pluck (1.3ms)[0m  [1m[34mSELECT "schema_migrations"."version" FROM "schema_migrations" ORDER BY "schema_migrations"."version" ASC[0m
Processing by Rails::WelcomeController#index as HTML
  Rendering /Users/learnacademy/.rvm/gems/ruby-3.0.0/gems/railties-7.0.2.3/lib/rails/templates/rails/welcome/index.html.erb
  Rendered /Users/learnacademy/.rvm/gems/ruby-3.0.0/gems/railties-7.0.2.3/lib/rails/templates/rails/welcome/index.html.erb (Duration: 3.9ms | Allocations: 639)
Completed 200 OK in 34ms (Views: 12.8ms | ActiveRecord: 0.0ms | Allocations: 5759)


Started GET "/" for 127.0.0.1 at 2022-03-23 11:32:16 -0700
Processing by Rails::WelcomeController#index as HTML
  Rendering /Users/learnacademy/.rvm/gems/ruby-3.0.0/gems/railties-7.0.2.3/lib/rails/templates/rails/welcome/index.html.erb
  Rendered /Users/learnacademy/.rvm/gems/ruby-3.0.0/gems/railties-7.0.2.3/lib/rails/templates/rails/welcome/index.html.erb (Duration: 2.0ms | Allocations: 374)
Completed 200 OK in 9ms (Views: 6.1ms | ActiveRecord: 0.0ms | Allocations: 1254)


Started GET "/" for 127.0.0.1 at 2022-03-23 11:33:17 -0700
Processing by BlogController#index as HTML
  Rendering layout layouts/application.html.erb
  Rendering blog/index.html.erb within layouts/application
  [1m[36mBlog Load (1.5ms)[0m  [1m[34mSELECT "blogs".* FROM "blogs"[0m
  ↳ app/views/blog/index.html.erb:4
  Rendered blog/index.html.erb within layouts/application (Duration: 10.1ms | Allocations: 852)
  Rendered layout layouts/application.html.erb (Duration: 1334.9ms | Allocations: 94383)
Completed 200 OK in 1352ms (Views: 1337.9ms | ActiveRecord: 1.5ms | Allocations: 96084)


Started GET "/" for 127.0.0.1 at 2022-03-23 11:41:13 -0700
Processing by BlogController#index as HTML
  Rendering layout layouts/application.html.erb
  Rendering blog/index.html.erb within layouts/application
  [1m[36mBlog Load (1.4ms)[0m  [1m[34mSELECT "blogs".* FROM "blogs"[0m
  ↳ app/views/blog/index.html.erb:4
  Rendered blog/index.html.erb within layouts/application (Duration: 95.2ms | Allocations: 3035)
  Rendered layout layouts/application.html.erb (Duration: 144.6ms | Allocations: 17094)
Completed 200 OK in 158ms (Views: 151.2ms | ActiveRecord: 49.4ms | Allocations: 18722)


Started GET "/new" for 127.0.0.1 at 2022-03-23 11:41:21 -0700
  
ActionController::RoutingError (No route matches [GET] "/new"):
  
Started GET "/new" for 127.0.0.1 at 2022-03-23 11:41:46 -0700
  
ActionController::RoutingError (No route matches [GET] "/new"):
  
Started GET "/blog/new" for 127.0.0.1 at 2022-03-23 11:41:50 -0700
Processing by BlogController#show as HTML
  Parameters: {"id"=>"new"}
  [1m[36mBlog Load (0.4ms)[0m  [1m[34mSELECT "blogs".* FROM "blogs" WHERE "blogs"."id" = $1 LIMIT $2[0m  [["id", nil], ["LIMIT", 1]]
  ↳ app/controllers/blog_controller.rb:6:in `show'
Completed 404 Not Found in 139ms (ActiveRecord: 64.3ms | Allocations: 6154)


  
ActiveRecord::RecordNotFound (Couldn't find Blog with 'id'=new):
  
app/controllers/blog_controller.rb:6:in `show'
  [1m[35m (1.0ms)[0m  [1m[34mSELECT pg_try_advisory_lock(6241458340490022510)[0m
  [1m[36mActiveRecord::SchemaMigration Pluck (2.7ms)[0m  [1m[34mSELECT "schema_migrations"."version" FROM "schema_migrations" ORDER BY "schema_migrations"."version" ASC[0m
Migrating to ChangeContentColumnDataType (20220323220532)
  [1m[36mTRANSACTION (0.2ms)[0m  [1m[35mBEGIN[0m
  [1m[35m (33.5ms)[0m  [1m[35mALTER TABLE "Blog" ALTER COLUMN "content" TYPE text[0m
  [1m[36mTRANSACTION (0.3ms)[0m  [1m[31mROLLBACK[0m
  [1m[35m (0.7ms)[0m  [1m[34mSELECT pg_advisory_unlock(6241458340490022510)[0m
  [1m[35m (0.5ms)[0m  [1m[34mSELECT pg_try_advisory_lock(6241458340490022510)[0m
  [1m[36mActiveRecord::SchemaMigration Pluck (1.8ms)[0m  [1m[34mSELECT "schema_migrations"."version" FROM "schema_migrations" ORDER BY "schema_migrations"."version" ASC[0m
Migrating to ChangeContentColumnDataType (20220323220532)
  [1m[36mTRANSACTION (0.2ms)[0m  [1m[35mBEGIN[0m
  [1m[35m (2.2ms)[0m  [1m[35mALTER TABLE "blog" ALTER COLUMN "content" TYPE text[0m
  [1m[36mTRANSACTION (0.4ms)[0m  [1m[31mROLLBACK[0m
  [1m[35m (24.0ms)[0m  [1m[34mSELECT pg_advisory_unlock(6241458340490022510)[0m
  [1m[35m (0.6ms)[0m  [1m[34mSELECT pg_try_advisory_lock(6241458340490022510)[0m
  [1m[36mActiveRecord::SchemaMigration Pluck (1.9ms)[0m  [1m[34mSELECT "schema_migrations"."version" FROM "schema_migrations" ORDER BY "schema_migrations"."version" ASC[0m
Migrating to ChangeContentColumnDataType (20220323220532)
  [1m[36mTRANSACTION (21.2ms)[0m  [1m[35mBEGIN[0m
  [1m[35m (3.5ms)[0m  [1m[35mALTER TABLE "blogs" ALTER COLUMN "content" TYPE text[0m
  [1m[36mActiveRecord::SchemaMigration Create (17.1ms)[0m  [1m[32mINSERT INTO "schema_migrations" ("version") VALUES ($1) RETURNING "version"[0m  [["version", "20220323220532"]]
  [1m[36mTRANSACTION (4.2ms)[0m  [1m[35mCOMMIT[0m
  [1m[36mActiveRecord::InternalMetadata Load (26.2ms)[0m  [1m[34mSELECT "ar_internal_metadata".* FROM "ar_internal_metadata" WHERE "ar_internal_metadata"."key" = $1 LIMIT $2[0m  [["key", "environment"], ["LIMIT", 1]]
  [1m[35m (0.6ms)[0m  [1m[34mSELECT pg_advisory_unlock(6241458340490022510)[0m
  [1m[36mActiveRecord::SchemaMigration Pluck (2.1ms)[0m  [1m[34mSELECT "schema_migrations"."version" FROM "schema_migrations" ORDER BY "schema_migrations"."version" ASC[0m
Started GET "/blog/new" for 127.0.0.1 at 2022-03-23 15:22:45 -0700
  [1m[36mActiveRecord::SchemaMigration Pluck (3.2ms)[0m  [1m[34mSELECT "schema_migrations"."version" FROM "schema_migrations" ORDER BY "schema_migrations"."version" ASC[0m
  
ActionController::RoutingError (No route matches [GET] "/blog/new"):
  
Started GET "/" for 127.0.0.1 at 2022-03-23 15:22:48 -0700
Processing by BlogController#index as HTML
  Rendering layout layouts/application.html.erb
  Rendering blog/index.html.erb within layouts/application
  [1m[36mBlog Load (1.5ms)[0m  [1m[34mSELECT "blogs".* FROM "blogs"[0m
  ↳ app/views/blog/index.html.erb:4
  Rendered blog/index.html.erb within layouts/application (Duration: 10.1ms | Allocations: 987)
  Rendered layout layouts/application.html.erb (Duration: 166.9ms | Allocations: 36237)
Completed 200 OK in 198ms (Views: 174.0ms | ActiveRecord: 1.5ms | Allocations: 40366)


Started GET "/blogs/new" for 127.0.0.1 at 2022-03-23 15:22:53 -0700
Processing by BlogController#new as HTML
  Rendering layout layouts/application.html.erb
  Rendering blog/new.html.erb within layouts/application
  Rendered blog/new.html.erb within layouts/application (Duration: 40.3ms | Allocations: 5909)
  Rendered layout layouts/application.html.erb (Duration: 53.3ms | Allocations: 8005)
Completed 200 OK in 58ms (Views: 55.0ms | ActiveRecord: 0.0ms | Allocations: 8391)


Started POST "/blogs" for 127.0.0.1 at 2022-03-23 15:23:45 -0700
Processing by BlogController#create as TURBO_STREAM
  Parameters: {"authenticity_token"=>"[FILTERED]", "title"=>"My day at the beach", "content"=>"blah blah blah roasted marshmallows and surfed", "commit"=>"Add Blog Post"}
Completed 400 Bad Request in 3ms (ActiveRecord: 0.0ms | Allocations: 780)


  
ActionController::ParameterMissing (param is missing or the value is empty: blog):
  
app/controllers/blog_controller.rb:20:in `blog_params'
app/controllers/blog_controller.rb:11:in `create'
Started GET "/blogs/new" for 127.0.0.1 at 2022-03-23 15:23:45 -0700
Processing by BlogController#new as HTML
  Rendering layout layouts/application.html.erb
  Rendering blog/new.html.erb within layouts/application
  Rendered blog/new.html.erb within layouts/application (Duration: 26.3ms | Allocations: 2208)
  Rendered layout layouts/application.html.erb (Duration: 59.0ms | Allocations: 4318)
Completed 200 OK in 69ms (Views: 64.3ms | ActiveRecord: 0.0ms | Allocations: 4638)


Started POST "/blogs" for 127.0.0.1 at 2022-03-23 15:27:27 -0700
Processing by BlogController#create as TURBO_STREAM
  Parameters: {"authenticity_token"=>"[FILTERED]", "title"=>"tst", "content"=>"testest", "commit"=>"Add Blog Post"}
Completed 400 Bad Request in 5ms (ActiveRecord: 0.0ms | Allocations: 714)


  
ActionController::ParameterMissing (param is missing or the value is empty: blog):
  
app/controllers/blog_controller.rb:20:in `blog_params'
app/controllers/blog_controller.rb:11:in `create'
Started GET "/blogs/new" for 127.0.0.1 at 2022-03-23 15:27:28 -0700
Processing by BlogController#new as HTML
  Rendering layout layouts/application.html.erb
  Rendering blog/new.html.erb within layouts/application
  Rendered blog/new.html.erb within layouts/application (Duration: 18.4ms | Allocations: 2554)
  Rendered layout layouts/application.html.erb (Duration: 56.0ms | Allocations: 4947)
Completed 200 OK in 76ms (Views: 70.9ms | ActiveRecord: 0.0ms | Allocations: 5933)


Started GET "/blogs/new" for 127.0.0.1 at 2022-03-23 15:27:46 -0700
Processing by BlogController#new as HTML
  Rendering layout layouts/application.html.erb
  Rendering blog/new.html.erb within layouts/application
  Rendered blog/new.html.erb within layouts/application (Duration: 6.3ms | Allocations: 2244)
  Rendered layout layouts/application.html.erb (Duration: 15.8ms | Allocations: 4340)
Completed 200 OK in 24ms (Views: 21.6ms | ActiveRecord: 0.0ms | Allocations: 4667)


Started GET "/blogs/new" for 127.0.0.1 at 2022-03-23 15:27:48 -0700
Processing by BlogController#new as HTML
  Rendering layout layouts/application.html.erb
  Rendering blog/new.html.erb within layouts/application
  Rendered blog/new.html.erb within layouts/application (Duration: 7.6ms | Allocations: 2245)
  Rendered layout layouts/application.html.erb (Duration: 19.6ms | Allocations: 4339)
Completed 200 OK in 23ms (Views: 21.2ms | ActiveRecord: 0.0ms | Allocations: 4661)


Started GET "/blogs/new" for 127.0.0.1 at 2022-03-23 15:27:51 -0700
Processing by BlogController#new as HTML
  Rendering layout layouts/application.html.erb
  Rendering blog/new.html.erb within layouts/application
  Rendered blog/new.html.erb within layouts/application (Duration: 6.4ms | Allocations: 2239)
  Rendered layout layouts/application.html.erb (Duration: 16.7ms | Allocations: 4333)
Completed 200 OK in 20ms (Views: 18.3ms | ActiveRecord: 0.0ms | Allocations: 4655)


Started GET "/blogs/new" for 127.0.0.1 at 2022-03-23 15:28:01 -0700
Processing by BlogController#new as HTML
  Rendering layout layouts/application.html.erb
  Rendering blog/new.html.erb within layouts/application
  Rendered blog/new.html.erb within layouts/application (Duration: 6.8ms | Allocations: 2247)
  Rendered layout layouts/application.html.erb (Duration: 16.2ms | Allocations: 4341)
Completed 200 OK in 19ms (Views: 17.2ms | ActiveRecord: 0.0ms | Allocations: 4663)


Started GET "/blogs/new" for 127.0.0.1 at 2022-03-23 15:32:15 -0700
Processing by BlogController#new as HTML
  Rendering layout layouts/application.html.erb
  Rendering blog/new.html.erb within layouts/application
  Rendered blog/new.html.erb within layouts/application (Duration: 56.3ms | Allocations: 6490)
  Rendered layout layouts/application.html.erb (Duration: 57.9ms | Allocations: 6569)
Completed 500 Internal Server Error in 71ms (Allocations: 7568)


  
ActionView::Template::Error (undefined local variable or method `index' for #<ActionView::Base:0x0000000000bb08>):
     9:     <%= form.submit 'Add Blog Post' %>
    10:   <% end %>
    11: 
    12:   <p><%= link_to 'Back to Page', index %></p>
  
app/views/blog/new.html.erb:12
Started GET "/" for 127.0.0.1 at 2022-03-23 15:32:26 -0700
Processing by BlogController#index as HTML
  Rendering layout layouts/application.html.erb
  Rendering blog/index.html.erb within layouts/application
  [1m[36mBlog Load (1.5ms)[0m  [1m[34mSELECT "blogs".* FROM "blogs"[0m
  ↳ app/views/blog/index.html.erb:4
  Rendered blog/index.html.erb within layouts/application (Duration: 138.7ms | Allocations: 3054)
  Rendered layout layouts/application.html.erb (Duration: 162.4ms | Allocations: 5622)
Completed 200 OK in 167ms (Views: 163.9ms | ActiveRecord: 59.4ms | Allocations: 6013)


Started GET "/blogs/new" for 127.0.0.1 at 2022-03-23 15:32:28 -0700
Processing by BlogController#new as HTML
  Rendering layout layouts/application.html.erb
  Rendering blog/new.html.erb within layouts/application
  Rendered blog/new.html.erb within layouts/application (Duration: 40.9ms | Allocations: 6144)
  Rendered layout layouts/application.html.erb (Duration: 41.6ms | Allocations: 6222)
Completed 500 Internal Server Error in 46ms (ActiveRecord: 0.0ms | Allocations: 6506)


  
ActionView::Template::Error (undefined local variable or method `index' for #<ActionView::Base:0x0000000000be78>):
     9:     <%= form.submit 'Add Blog Post' %>
    10:   <% end %>
    11: 
    12:   <p><%= link_to 'Back to Page', index %></p>
  
app/views/blog/new.html.erb:12
Started GET "/blogs/new" for 127.0.0.1 at 2022-03-23 15:33:05 -0700
Processing by BlogController#new as HTML
  Rendering layout layouts/application.html.erb
  Rendering blog/new.html.erb within layouts/application
  Rendered blog/new.html.erb within layouts/application (Duration: 8.8ms | Allocations: 2518)
  Rendered layout layouts/application.html.erb (Duration: 100.8ms | Allocations: 16490)
Completed 200 OK in 113ms (Views: 108.3ms | ActiveRecord: 0.0ms | Allocations: 17553)


Started GET "/blogs/new" for 127.0.0.1 at 2022-03-23 15:34:31 -0700
Processing by BlogController#new as HTML
  Rendering layout layouts/application.html.erb
  Rendering blog/new.html.erb within layouts/application
  Rendered blog/new.html.erb within layouts/application (Duration: 5.9ms | Allocations: 2538)
  Rendered layout layouts/application.html.erb (Duration: 21.5ms | Allocations: 4915)
Completed 200 OK in 30ms (Views: 26.9ms | ActiveRecord: 0.0ms | Allocations: 5947)


Started GET "/blogs" for 127.0.0.1 at 2022-03-23 15:34:33 -0700
Processing by BlogController#index as HTML
  Rendering layout layouts/application.html.erb
  Rendering blog/index.html.erb within layouts/application
  [1m[36mBlog Load (0.5ms)[0m  [1m[34mSELECT "blogs".* FROM "blogs"[0m
  ↳ app/views/blog/index.html.erb:4
  Rendered blog/index.html.erb within layouts/application (Duration: 6.4ms | Allocations: 810)
  Rendered layout layouts/application.html.erb (Duration: 17.0ms | Allocations: 3079)
Completed 200 OK in 48ms (Views: 18.0ms | ActiveRecord: 0.5ms | Allocations: 6905)


  [1m[36mBlog Load (1.8ms)[0m  [1m[34mSELECT "blogs".* FROM "blogs"[0m
  [1m[36mBlog Load (13.3ms)[0m  [1m[34mSELECT "blogs".* FROM "blogs"[0m
Started GET "/" for 127.0.0.1 at 2022-03-23 15:45:43 -0700
  [1m[36mActiveRecord::SchemaMigration Pluck (3.5ms)[0m  [1m[34mSELECT "schema_migrations"."version" FROM "schema_migrations" ORDER BY "schema_migrations"."version" ASC[0m
Processing by BlogController#index as HTML
  Rendering layout layouts/application.html.erb
  Rendering blog/index.html.erb within layouts/application
  [1m[36mBlog Load (3.8ms)[0m  [1m[34mSELECT "blogs".* FROM "blogs"[0m
  ↳ app/views/blog/index.html.erb:4
  Rendered blog/index.html.erb within layouts/application (Duration: 18.4ms | Allocations: 1247)
  Rendered layout layouts/application.html.erb (Duration: 349.5ms | Allocations: 36504)
Completed 200 OK in 421ms (Views: 366.4ms | ActiveRecord: 3.8ms | Allocations: 42378)


Started GET "/blogs/new" for 127.0.0.1 at 2022-03-23 15:45:47 -0700
Processing by BlogController#new as HTML
  Rendering layout layouts/application.html.erb
  Rendering blog/new.html.erb within layouts/application
  Rendered blog/new.html.erb within layouts/application (Duration: 43.2ms | Allocations: 4249)
  Rendered layout layouts/application.html.erb (Duration: 63.4ms | Allocations: 6344)
Completed 200 OK in 72ms (Views: 66.1ms | ActiveRecord: 0.0ms | Allocations: 6732)


Started POST "/blogs" for 127.0.0.1 at 2022-03-23 15:45:53 -0700
Processing by BlogController#create as TURBO_STREAM
  Parameters: {"authenticity_token"=>"[FILTERED]", "title"=>"test", "content"=>"testestesataw ", "commit"=>"Add Blog Post"}
Completed 400 Bad Request in 6ms (ActiveRecord: 0.0ms | Allocations: 797)


  
ActionController::ParameterMissing (param is missing or the value is empty: blog):
  
app/controllers/blog_controller.rb:20:in `blog_params'
app/controllers/blog_controller.rb:11:in `create'
Started GET "/blogs/new" for 127.0.0.1 at 2022-03-23 15:45:54 -0700
Processing by BlogController#new as HTML
  Rendering layout layouts/application.html.erb
  Rendering blog/new.html.erb within layouts/application
  Rendered blog/new.html.erb within layouts/application (Duration: 8.3ms | Allocations: 2237)
  Rendered layout layouts/application.html.erb (Duration: 25.0ms | Allocations: 4331)
Completed 200 OK in 31ms (Views: 28.4ms | ActiveRecord: 0.0ms | Allocations: 4650)


Started GET "/blogs" for 127.0.0.1 at 2022-03-23 15:45:56 -0700
Processing by BlogController#index as HTML
  Rendering layout layouts/application.html.erb
  Rendering blog/index.html.erb within layouts/application
  [1m[36mBlog Load (1.7ms)[0m  [1m[34mSELECT "blogs".* FROM "blogs"[0m
  ↳ app/views/blog/index.html.erb:4
  Rendered blog/index.html.erb within layouts/application (Duration: 7.2ms | Allocations: 570)
  Rendered layout layouts/application.html.erb (Duration: 23.9ms | Allocations: 2823)
Completed 200 OK in 29ms (Views: 24.0ms | ActiveRecord: 1.7ms | Allocations: 3165)


Started GET "/blogs/" for 127.0.0.1 at 2022-03-23 15:46:14 -0700
Processing by BlogController#index as HTML
  Rendering layout layouts/application.html.erb
  Rendering blog/index.html.erb within layouts/application
  [1m[36mBlog Load (0.8ms)[0m  [1m[34mSELECT "blogs".* FROM "blogs"[0m
  ↳ app/views/blog/index.html.erb:4
  Rendered blog/index.html.erb within layouts/application (Duration: 23.8ms | Allocations: 563)
  Rendered layout layouts/application.html.erb (Duration: 49.2ms | Allocations: 2826)
Completed 200 OK in 55ms (Views: 50.3ms | ActiveRecord: 0.8ms | Allocations: 3157)


Started GET "/blogs/" for 127.0.0.1 at 2022-03-23 15:50:06 -0700
Processing by BlogController#index as HTML
  Rendering layout layouts/application.html.erb
  Rendering blog/index.html.erb within layouts/application
  [1m[36mBlog Load (0.6ms)[0m  [1m[34mSELECT "blogs".* FROM "blogs"[0m
  ↳ app/views/blog/index.html.erb:4
  Rendered blog/index.html.erb within layouts/application (Duration: 7.4ms | Allocations: 775)
  Rendered layout layouts/application.html.erb (Duration: 36.1ms | Allocations: 3331)
Completed 200 OK in 44ms (Views: 40.4ms | ActiveRecord: 0.6ms | Allocations: 4376)


Started GET "/blogs/new" for 127.0.0.1 at 2022-03-23 15:50:08 -0700
Processing by BlogController#new as HTML
  Rendering layout layouts/application.html.erb
  Rendering blog/new.html.erb within layouts/application
  Rendered blog/new.html.erb within layouts/application (Duration: 7.6ms | Allocations: 3663)
  Rendered layout layouts/application.html.erb (Duration: 8.1ms | Allocations: 3742)
Completed 500 Internal Server Error in 10ms (ActiveRecord: 0.0ms | Allocations: 4092)


  
ActionView::Template::Error (No route matches {:action=>"show", :controller=>"blog"}, missing required keys: [:id]):
     8:     <br>
     9:     <%= form.submit 'Add Blog Post' %>
    10:   <% end %>
    11:   <p><%= link_to 'Show Blog Post', blog_path %></p>
    12:   <p><%= link_to 'Back to Home Page', blogs_path %></p>
  
app/views/blog/new.html.erb:11
Started GET "/blogs/new" for 127.0.0.1 at 2022-03-23 15:50:25 -0700
Processing by BlogController#new as HTML
  Rendering layout layouts/application.html.erb
  Rendering blog/new.html.erb within layouts/application
  Rendered blog/new.html.erb within layouts/application (Duration: 37.6ms | Allocations: 6512)
  Rendered layout layouts/application.html.erb (Duration: 38.5ms | Allocations: 6591)
Completed 500 Internal Server Error in 50ms (ActiveRecord: 0.0ms | Allocations: 7589)


  
ActionView::Template::Error (undefined local variable or method `show_path' for #<ActionView::Base:0x0000000000b770>):
     8:     <br>
     9:     <%= form.submit 'Add Blog Post' %>
    10:   <% end %>
    11:   <p><%= link_to 'Show Blog Post', show_path %></p>
    12:   <p><%= link_to 'Back to Home Page', blogs_path %></p>
  
app/views/blog/new.html.erb:11
Started GET "/blogs/new" for 127.0.0.1 at 2022-03-23 15:53:36 -0700
Processing by BlogController#new as HTML
  Rendering layout layouts/application.html.erb
  Rendering blog/new.html.erb within layouts/application
  Rendered blog/new.html.erb within layouts/application (Duration: 7.0ms | Allocations: 2525)
  Rendered layout layouts/application.html.erb (Duration: 80.0ms | Allocations: 16497)
Completed 200 OK in 88ms (Views: 85.6ms | ActiveRecord: 0.0ms | Allocations: 17560)


Started POST "/blogs" for 127.0.0.1 at 2022-03-23 15:53:41 -0700
Processing by BlogController#create as TURBO_STREAM
  Parameters: {"authenticity_token"=>"[FILTERED]", "title"=>"test", "content"=>"test", "commit"=>"Add Blog Post"}
Completed 500 Internal Server Error in 27ms (ActiveRecord: 0.0ms | Allocations: 3786)


  
NameError (undefined local variable or method `blog_params' for #<BlogController:0x0000000000f7a8>
Did you mean?  blog_post_params):
  
app/controllers/blog_controller.rb:11:in `create'
Started GET "/blogs/new" for 127.0.0.1 at 2022-03-23 15:54:15 -0700
Processing by BlogController#new as HTML
  Rendering layout layouts/application.html.erb
  Rendering blog/new.html.erb within layouts/application
  Rendered blog/new.html.erb within layouts/application (Duration: 3.6ms | Allocations: 2258)
  Rendered layout layouts/application.html.erb (Duration: 40.5ms | Allocations: 15916)
Completed 200 OK in 45ms (Views: 43.9ms | ActiveRecord: 0.0ms | Allocations: 16688)


Started GET "/" for 127.0.0.1 at 2022-03-23 15:54:19 -0700
Processing by BlogController#index as HTML
  Rendering layout layouts/application.html.erb
  Rendering blog/index.html.erb within layouts/application
  Rendered blog/index.html.erb within layouts/application (Duration: 3.8ms | Allocations: 1596)
  Rendered layout layouts/application.html.erb (Duration: 4.3ms | Allocations: 1674)
Completed 500 Internal Server Error in 12ms (ActiveRecord: 0.0ms | Allocations: 2587)


  
ActionView::Template::Error (undefined method `each' for nil:NilClass):
    1: <h1>Super Duper Blog</h1>
    2: 
    3: <ul>
    4: <% @blog.each do |blog| %>
    5:     <li>
    6:     <%= blog.title %>
    7:     </li> 
  
app/views/blog/index.html.erb:4
Started GET "/" for 127.0.0.1 at 2022-03-23 15:54:42 -0700
  [1m[36mActiveRecord::SchemaMigration Pluck (1.2ms)[0m  [1m[34mSELECT "schema_migrations"."version" FROM "schema_migrations" ORDER BY "schema_migrations"."version" ASC[0m
Processing by BlogController#index as HTML
  Rendering layout layouts/application.html.erb
  Rendering blog/index.html.erb within layouts/application
  Rendered blog/index.html.erb within layouts/application (Duration: 5.6ms | Allocations: 2605)
  Rendered layout layouts/application.html.erb (Duration: 6.0ms | Allocations: 2693)
Completed 500 Internal Server Error in 27ms (ActiveRecord: 0.0ms | Allocations: 8515)


  
ActionView::Template::Error (undefined method `each' for nil:NilClass):
    1: <h1>Super Duper Blog</h1>
    2: 
    3: <ul>
    4: <% @blog.each do |blog| %>
    5:     <li>
    6:     <%= blog.title %>
    7:     </li> 
  
app/views/blog/index.html.erb:4
Started GET "/" for 127.0.0.1 at 2022-03-23 15:54:45 -0700
Processing by BlogController#index as HTML
  Rendering layout layouts/application.html.erb
  Rendering blog/index.html.erb within layouts/application
  Rendered blog/index.html.erb within layouts/application (Duration: 2.0ms | Allocations: 1379)
  Rendered layout layouts/application.html.erb (Duration: 2.3ms | Allocations: 1458)
Completed 500 Internal Server Error in 4ms (ActiveRecord: 0.0ms | Allocations: 1764)


  
ActionView::Template::Error (undefined method `each' for nil:NilClass):
    1: <h1>Super Duper Blog</h1>
    2: 
    3: <ul>
    4: <% @blog.each do |blog| %>
    5:     <li>
    6:     <%= blog.title %>
    7:     </li> 
  
app/views/blog/index.html.erb:4
Started GET "/" for 127.0.0.1 at 2022-03-23 15:54:46 -0700
Processing by BlogController#index as HTML
  Rendering layout layouts/application.html.erb
  Rendering blog/index.html.erb within layouts/application
  Rendered blog/index.html.erb within layouts/application (Duration: 4.5ms | Allocations: 1379)
  Rendered layout layouts/application.html.erb (Duration: 4.8ms | Allocations: 1458)
Completed 500 Internal Server Error in 6ms (ActiveRecord: 0.0ms | Allocations: 1762)


  
ActionView::Template::Error (undefined method `each' for nil:NilClass):
    1: <h1>Super Duper Blog</h1>
    2: 
    3: <ul>
    4: <% @blog.each do |blog| %>
    5:     <li>
    6:     <%= blog.title %>
    7:     </li> 
  
app/views/blog/index.html.erb:4
Started GET "/" for 127.0.0.1 at 2022-03-23 15:55:20 -0700
Processing by BlogController#index as HTML
  Rendering layout layouts/application.html.erb
  Rendering blog/index.html.erb within layouts/application
  [1m[36mBlog Load (1.1ms)[0m  [1m[34mSELECT "blogs".* FROM "blogs"[0m
  ↳ app/views/blog/index.html.erb:4
  Rendered blog/index.html.erb within layouts/application (Duration: 5.7ms | Allocations: 987)
  Rendered layout layouts/application.html.erb (Duration: 138.1ms | Allocations: 36175)
Completed 200 OK in 152ms (Views: 140.3ms | ActiveRecord: 1.1ms | Allocations: 37834)


Started GET "/blogs/new" for 127.0.0.1 at 2022-03-23 15:55:21 -0700
Processing by BlogController#new as HTML
  Rendering layout layouts/application.html.erb
  Rendering blog/new.html.erb within layouts/application
  Rendered blog/new.html.erb within layouts/application (Duration: 19.6ms | Allocations: 4260)
  Rendered layout layouts/application.html.erb (Duration: 28.8ms | Allocations: 6354)
Completed 200 OK in 32ms (Views: 30.5ms | ActiveRecord: 0.0ms | Allocations: 6734)


Started POST "/blogs" for 127.0.0.1 at 2022-03-23 15:55:24 -0700
Processing by BlogController#create as TURBO_STREAM
  Parameters: {"authenticity_token"=>"[FILTERED]", "title"=>"test", "content"=>"test", "commit"=>"Add Blog Post"}
Completed 400 Bad Request in 3ms (ActiveRecord: 0.0ms | Allocations: 769)


  
ActionController::ParameterMissing (param is missing or the value is empty: blog):
  
app/controllers/blog_controller.rb:20:in `blog_params'
app/controllers/blog_controller.rb:11:in `create'
Started GET "/blogs/new" for 127.0.0.1 at 2022-03-23 15:55:24 -0700
Processing by BlogController#new as HTML
  Rendering layout layouts/application.html.erb
  Rendering blog/new.html.erb within layouts/application
  Rendered blog/new.html.erb within layouts/application (Duration: 3.2ms | Allocations: 2237)
  Rendered layout layouts/application.html.erb (Duration: 11.3ms | Allocations: 4331)
Completed 200 OK in 15ms (Views: 13.1ms | ActiveRecord: 0.0ms | Allocations: 4650)


Started GET "/blogs" for 127.0.0.1 at 2022-03-23 15:55:28 -0700
Processing by BlogController#index as HTML
  Rendering layout layouts/application.html.erb
  Rendering blog/index.html.erb within layouts/application
  [1m[36mBlog Load (0.6ms)[0m  [1m[34mSELECT "blogs".* FROM "blogs"[0m
  ↳ app/views/blog/index.html.erb:4
  Rendered blog/index.html.erb within layouts/application (Duration: 4.1ms | Allocations: 569)
  Rendered layout layouts/application.html.erb (Duration: 11.4ms | Allocations: 2840)
Completed 200 OK in 14ms (Views: 12.0ms | ActiveRecord: 0.6ms | Allocations: 3182)


Started GET "/blogs/new" for 127.0.0.1 at 2022-03-23 15:55:31 -0700
Processing by BlogController#new as HTML
  Rendering layout layouts/application.html.erb
  Rendering blog/new.html.erb within layouts/application
  Rendered blog/new.html.erb within layouts/application (Duration: 3.7ms | Allocations: 2238)
  Rendered layout layouts/application.html.erb (Duration: 10.7ms | Allocations: 4333)
Completed 200 OK in 13ms (Views: 11.9ms | ActiveRecord: 0.0ms | Allocations: 4660)


Started GET "/blogs" for 127.0.0.1 at 2022-03-23 15:55:32 -0700
Processing by BlogController#index as HTML
  Rendering layout layouts/application.html.erb
  Rendering blog/index.html.erb within layouts/application
  [1m[36mBlog Load (0.4ms)[0m  [1m[34mSELECT "blogs".* FROM "blogs"[0m
  ↳ app/views/blog/index.html.erb:4
  Rendered blog/index.html.erb within layouts/application (Duration: 2.9ms | Allocations: 563)
  Rendered layout layouts/application.html.erb (Duration: 10.6ms | Allocations: 2823)
Completed 200 OK in 13ms (Views: 11.2ms | ActiveRecord: 0.4ms | Allocations: 3157)


Started GET "/blogs" for 127.0.0.1 at 2022-03-23 15:56:56 -0700
Processing by BlogController#index as HTML
  Rendering layout layouts/application.html.erb
  Rendering blog/index.html.erb within layouts/application
  [1m[36mBlog Load (0.8ms)[0m  [1m[34mSELECT "blogs".* FROM "blogs"[0m
  ↳ app/views/blog/index.html.erb:4
  Rendered blog/index.html.erb within layouts/application (Duration: 3.6ms | Allocations: 642)
  Rendered layout layouts/application.html.erb (Duration: 36.5ms | Allocations: 14573)
Completed 200 OK in 46ms (Views: 39.4ms | ActiveRecord: 0.8ms | Allocations: 15912)


Started GET "/blogs" for 127.0.0.1 at 2022-03-23 15:56:57 -0700
Processing by BlogController#index as HTML
  Rendering layout layouts/application.html.erb
  Rendering blog/index.html.erb within layouts/application
  [1m[36mBlog Load (1.1ms)[0m  [1m[34mSELECT "blogs".* FROM "blogs"[0m
  ↳ app/views/blog/index.html.erb:4
  Rendered blog/index.html.erb within layouts/application (Duration: 18.6ms | Allocations: 570)
  Rendered layout layouts/application.html.erb (Duration: 25.7ms | Allocations: 2830)
Completed 200 OK in 28ms (Views: 25.7ms | ActiveRecord: 1.1ms | Allocations: 3165)


Started GET "/blogs/new" for 127.0.0.1 at 2022-03-23 15:56:58 -0700
Processing by BlogController#new as HTML
  Rendering layout layouts/application.html.erb
  Rendering blog/new.html.erb within layouts/application
  Rendered blog/new.html.erb within layouts/application (Duration: 3.1ms | Allocations: 2268)
  Rendered layout layouts/application.html.erb (Duration: 10.9ms | Allocations: 4362)
Completed 200 OK in 14ms (Views: 12.2ms | ActiveRecord: 0.0ms | Allocations: 4684)


Started POST "/blogs" for 127.0.0.1 at 2022-03-23 15:57:00 -0700
Processing by BlogController#create as TURBO_STREAM
  Parameters: {"authenticity_token"=>"[FILTERED]", "title"=>"test", "content"=>"test", "commit"=>"Add Blog Post"}
Completed 400 Bad Request in 3ms (ActiveRecord: 0.0ms | Allocations: 731)


  
ActionController::ParameterMissing (param is missing or the value is empty: blog):
  
app/controllers/blog_controller.rb:20:in `blog_params'
app/controllers/blog_controller.rb:11:in `create'
Started GET "/blogs/new" for 127.0.0.1 at 2022-03-23 15:57:01 -0700
Processing by BlogController#new as HTML
  Rendering layout layouts/application.html.erb
  Rendering blog/new.html.erb within layouts/application
  Rendered blog/new.html.erb within layouts/application (Duration: 3.4ms | Allocations: 2238)
  Rendered layout layouts/application.html.erb (Duration: 9.5ms | Allocations: 4332)
Completed 200 OK in 12ms (Views: 10.7ms | ActiveRecord: 0.0ms | Allocations: 4651)


Started GET "/blogs" for 127.0.0.1 at 2022-03-23 15:57:01 -0700
Processing by BlogController#index as HTML
  Rendering layout layouts/application.html.erb
  Rendering blog/index.html.erb within layouts/application
  [1m[36mBlog Load (0.5ms)[0m  [1m[34mSELECT "blogs".* FROM "blogs"[0m
  ↳ app/views/blog/index.html.erb:4
  Rendered blog/index.html.erb within layouts/application (Duration: 4.7ms | Allocations: 569)
  Rendered layout layouts/application.html.erb (Duration: 10.9ms | Allocations: 2841)
Completed 200 OK in 14ms (Views: 11.6ms | ActiveRecord: 0.5ms | Allocations: 3175)


Started GET "/blogs" for 127.0.0.1 at 2022-03-23 15:57:36 -0700
  [1m[36mActiveRecord::SchemaMigration Pluck (26.5ms)[0m  [1m[34mSELECT "schema_migrations"."version" FROM "schema_migrations" ORDER BY "schema_migrations"."version" ASC[0m
Processing by BlogController#index as HTML
  Rendering layout layouts/application.html.erb
  Rendering blog/index.html.erb within layouts/application
  [1m[36mBlog Load (0.9ms)[0m  [1m[34mSELECT "blogs".* FROM "blogs"[0m
  ↳ app/views/blog/index.html.erb:4
  Rendered blog/index.html.erb within layouts/application (Duration: 7.2ms | Allocations: 1247)
  Rendered layout layouts/application.html.erb (Duration: 121.4ms | Allocations: 36295)
Completed 200 OK in 149ms (Views: 128.8ms | ActiveRecord: 0.9ms | Allocations: 42169)


Started GET "/blogs/new" for 127.0.0.1 at 2022-03-23 15:57:38 -0700
Processing by BlogController#new as HTML
  Rendering layout layouts/application.html.erb
  Rendering blog/new.html.erb within layouts/application
  Rendered blog/new.html.erb within layouts/application (Duration: 17.6ms | Allocations: 4251)
  Rendered layout layouts/application.html.erb (Duration: 24.1ms | Allocations: 6346)
Completed 200 OK in 28ms (Views: 25.4ms | ActiveRecord: 0.0ms | Allocations: 6734)


Started POST "/blogs" for 127.0.0.1 at 2022-03-23 15:57:41 -0700
Processing by BlogController#create as TURBO_STREAM
  Parameters: {"authenticity_token"=>"[FILTERED]", "title"=>"test", "content"=>"test", "commit"=>"Add Blog Post"}
Completed 400 Bad Request in 3ms (ActiveRecord: 0.0ms | Allocations: 803)


  
ActionController::ParameterMissing (param is missing or the value is empty: blog):
  
app/controllers/blog_controller.rb:20:in `blog_params'
app/controllers/blog_controller.rb:11:in `create'
Started GET "/blogs/new" for 127.0.0.1 at 2022-03-23 15:57:41 -0700
Processing by BlogController#new as HTML
  Rendering layout layouts/application.html.erb
  Rendering blog/new.html.erb within layouts/application
  Rendered blog/new.html.erb within layouts/application (Duration: 2.9ms | Allocations: 2243)
  Rendered layout layouts/application.html.erb (Duration: 8.7ms | Allocations: 4337)
Completed 200 OK in 11ms (Views: 9.7ms | ActiveRecord: 0.0ms | Allocations: 4656)


Started GET "/blogs" for 127.0.0.1 at 2022-03-23 15:57:42 -0700
Processing by BlogController#index as HTML
  Rendering layout layouts/application.html.erb
  Rendering blog/index.html.erb within layouts/application
  [1m[36mBlog Load (0.4ms)[0m  [1m[34mSELECT "blogs".* FROM "blogs"[0m
  ↳ app/views/blog/index.html.erb:4
  Rendered blog/index.html.erb within layouts/application (Duration: 21.6ms | Allocations: 570)
  Rendered layout layouts/application.html.erb (Duration: 27.2ms | Allocations: 2831)
Completed 200 OK in 30ms (Views: 27.9ms | ActiveRecord: 0.4ms | Allocations: 3173)


Started GET "/blogs" for 127.0.0.1 at 2022-03-23 15:58:35 -0700
Processing by BlogController#index as HTML
  Rendering layout layouts/application.html.erb
  Rendering blog/index.html.erb within layouts/application
  [1m[36mBlog Load (0.4ms)[0m  [1m[34mSELECT "blogs".* FROM "blogs"[0m
  ↳ app/views/blog/index.html.erb:4
  Rendered blog/index.html.erb within layouts/application (Duration: 5.0ms | Allocations: 783)
  Rendered layout layouts/application.html.erb (Duration: 13.4ms | Allocations: 3327)
Completed 200 OK in 21ms (Views: 17.3ms | ActiveRecord: 0.4ms | Allocations: 4374)


Started GET "/" for 127.0.0.1 at 2022-03-23 15:58:38 -0700
Processing by BlogController#index as HTML
  Rendering layout layouts/application.html.erb
  Rendering blog/index.html.erb within layouts/application
  [1m[36mBlog Load (0.4ms)[0m  [1m[34mSELECT "blogs".* FROM "blogs"[0m
  ↳ app/views/blog/index.html.erb:4
  Rendered blog/index.html.erb within layouts/application (Duration: 38.5ms | Allocations: 570)
  Rendered layout layouts/application.html.erb (Duration: 47.7ms | Allocations: 2856)
Completed 200 OK in 50ms (Views: 48.4ms | ActiveRecord: 0.4ms | Allocations: 3193)


Started GET "/blogs/new" for 127.0.0.1 at 2022-03-23 15:58:39 -0700
Processing by BlogController#new as HTML
  Rendering layout layouts/application.html.erb
  Rendering blog/new.html.erb within layouts/application
  Rendered blog/new.html.erb within layouts/application (Duration: 5.5ms | Allocations: 2529)
  Rendered layout layouts/application.html.erb (Duration: 11.3ms | Allocations: 4623)
Completed 200 OK in 14ms (Views: 12.5ms | ActiveRecord: 0.0ms | Allocations: 5002)


Started POST "/blogs" for 127.0.0.1 at 2022-03-23 15:58:42 -0700
Processing by BlogController#create as TURBO_STREAM
  Parameters: {"authenticity_token"=>"[FILTERED]", "title"=>"test", "content"=>"test", "commit"=>"Add Blog Post"}
Completed 400 Bad Request in 2ms (ActiveRecord: 0.0ms | Allocations: 703)


  
ActionController::ParameterMissing (param is missing or the value is empty: blog):
  
app/controllers/blog_controller.rb:20:in `blog_params'
app/controllers/blog_controller.rb:11:in `create'
Started GET "/blogs/new" for 127.0.0.1 at 2022-03-23 15:58:42 -0700
Processing by BlogController#new as HTML
  Rendering layout layouts/application.html.erb
  Rendering blog/new.html.erb within layouts/application
  Rendered blog/new.html.erb within layouts/application (Duration: 3.3ms | Allocations: 2234)
  Rendered layout layouts/application.html.erb (Duration: 9.6ms | Allocations: 4344)
Completed 200 OK in 12ms (Views: 10.7ms | ActiveRecord: 0.0ms | Allocations: 4663)


Started GET "/blogs" for 127.0.0.1 at 2022-03-23 15:58:43 -0700
Processing by BlogController#index as HTML
  Rendering layout layouts/application.html.erb
  Rendering blog/index.html.erb within layouts/application
  [1m[36mBlog Load (0.5ms)[0m  [1m[34mSELECT "blogs".* FROM "blogs"[0m
  ↳ app/views/blog/index.html.erb:4
  Rendered blog/index.html.erb within layouts/application (Duration: 2.8ms | Allocations: 562)
  Rendered layout layouts/application.html.erb (Duration: 9.1ms | Allocations: 2836)
Completed 200 OK in 12ms (Views: 10.0ms | ActiveRecord: 0.5ms | Allocations: 3170)


Started GET "/blogs" for 127.0.0.1 at 2022-03-23 16:01:29 -0700
Processing by BlogController#index as HTML
  Rendering layout layouts/application.html.erb
  Rendering blog/index.html.erb within layouts/application
  Rendered blog/index.html.erb within layouts/application (Duration: 3.8ms | Allocations: 1612)
  Rendered layout layouts/application.html.erb (Duration: 4.2ms | Allocations: 1691)
Completed 500 Internal Server Error in 11ms (ActiveRecord: 0.0ms | Allocations: 2703)


  
ActionView::Template::Error (undefined method `each' for nil:NilClass):
    1: <h1>Super Duper Blog</h1>
    2: 
    3: <ul>
    4: <% @blogs.each do |blog_post| %>
    5:     <li>
    6:     <%= blog_post.title %>
    7:     </li> 
  
app/views/blog/index.html.erb:4
Started GET "/blogs" for 127.0.0.1 at 2022-03-23 16:03:55 -0700
  [1m[36mActiveRecord::SchemaMigration Pluck (2.7ms)[0m  [1m[34mSELECT "schema_migrations"."version" FROM "schema_migrations" ORDER BY "schema_migrations"."version" ASC[0m
Processing by BlogController#index as HTML
  Rendering layout layouts/application.html.erb
  Rendering blog/index.html.erb within layouts/application
  [1m[36mBlog Load (2.4ms)[0m  [1m[34mSELECT "blogs".* FROM "blogs"[0m
  ↳ app/views/blog/index.html.erb:4
  Rendered blog/index.html.erb within layouts/application (Duration: 15.0ms | Allocations: 1248)
  Rendered layout layouts/application.html.erb (Duration: 266.1ms | Allocations: 36445)
Completed 200 OK in 334ms (Views: 281.6ms | ActiveRecord: 2.4ms | Allocations: 42319)


Started GET "/blogs/new" for 127.0.0.1 at 2022-03-23 16:04:01 -0700
Processing by BlogController#new as HTML
  Rendering layout layouts/application.html.erb
  Rendering blog/new.html.erb within layouts/application
  Rendered blog/new.html.erb within layouts/application (Duration: 31.8ms | Allocations: 4257)
  Rendered layout layouts/application.html.erb (Duration: 44.1ms | Allocations: 6352)
Completed 200 OK in 50ms (Views: 46.3ms | ActiveRecord: 0.0ms | Allocations: 6740)


Started POST "/blogs" for 127.0.0.1 at 2022-03-23 16:04:05 -0700
Processing by BlogController#create as TURBO_STREAM
  Parameters: {"authenticity_token"=>"[FILTERED]", "title"=>"TESTE", "content"=>"TESTEST", "commit"=>"Add Blog Post"}
Completed 400 Bad Request in 5ms (ActiveRecord: 0.0ms | Allocations: 787)


  
ActionController::ParameterMissing (param is missing or the value is empty: blog):
  
app/controllers/blog_controller.rb:18:in `blog_params'
app/controllers/blog_controller.rb:11:in `create'
Started GET "/blogs/new" for 127.0.0.1 at 2022-03-23 16:04:06 -0700
Processing by BlogController#new as HTML
  Rendering layout layouts/application.html.erb
  Rendering blog/new.html.erb within layouts/application
  Rendered blog/new.html.erb within layouts/application (Duration: 8.4ms | Allocations: 2228)
  Rendered layout layouts/application.html.erb (Duration: 24.1ms | Allocations: 4338)
Completed 200 OK in 29ms (Views: 26.0ms | ActiveRecord: 0.0ms | Allocations: 4659)


Started GET "/blogs" for 127.0.0.1 at 2022-03-23 16:04:07 -0700
Processing by BlogController#index as HTML
  Rendering layout layouts/application.html.erb
  Rendering blog/index.html.erb within layouts/application
  [1m[36mBlog Load (0.7ms)[0m  [1m[34mSELECT "blogs".* FROM "blogs"[0m
  ↳ app/views/blog/index.html.erb:4
  Rendered blog/index.html.erb within layouts/application (Duration: 5.5ms | Allocations: 570)
  Rendered layout layouts/application.html.erb (Duration: 20.9ms | Allocations: 2831)
Completed 200 OK in 26ms (Views: 23.2ms | ActiveRecord: 0.7ms | Allocations: 3173)


Started GET "/blogs" for 127.0.0.1 at 2022-03-23 16:08:27 -0700
Processing by BlogController#index as HTML
  Rendering layout layouts/application.html.erb
  Rendering blog/index.html.erb within layouts/application
  [1m[36mBlog Load (0.6ms)[0m  [1m[34mSELECT "blogs".* FROM "blogs"[0m
  ↳ app/views/blog/index.html.erb:4
  Rendered blog/index.html.erb within layouts/application (Duration: 28.2ms | Allocations: 844)
  Rendered layout layouts/application.html.erb (Duration: 110.8ms | Allocations: 14979)
Completed 200 OK in 132ms (Views: 119.2ms | ActiveRecord: 0.6ms | Allocations: 16608)


Started GET "/blogs/new" for 127.0.0.1 at 2022-03-23 16:08:32 -0700
Processing by BlogController#new as HTML
  Rendering layout layouts/application.html.erb
  Rendering blog/new.html.erb within layouts/application
  Rendered blog/new.html.erb within layouts/application (Duration: 7.8ms | Allocations: 3017)
  Rendered layout layouts/application.html.erb (Duration: 19.8ms | Allocations: 5121)
Completed 200 OK in 26ms (Views: 22.2ms | ActiveRecord: 0.0ms | Allocations: 5500)


Started POST "/blogs/new" for 127.0.0.1 at 2022-03-23 16:08:35 -0700
  
ActionController::RoutingError (No route matches [POST] "/blogs/new"):
  
Started GET "/blogs/new" for 127.0.0.1 at 2022-03-23 16:08:35 -0700
Processing by BlogController#new as HTML
  Rendering layout layouts/application.html.erb
  Rendering blog/new.html.erb within layouts/application
  Rendered blog/new.html.erb within layouts/application (Duration: 7.6ms | Allocations: 2288)
  Rendered layout layouts/application.html.erb (Duration: 21.1ms | Allocations: 4388)
Completed 200 OK in 28ms (Views: 25.0ms | ActiveRecord: 0.0ms | Allocations: 4707)


Started GET "/blogs" for 127.0.0.1 at 2022-03-23 16:08:36 -0700
Processing by BlogController#index as HTML
  Rendering layout layouts/application.html.erb
  Rendering blog/index.html.erb within layouts/application
  [1m[36mBlog Load (0.6ms)[0m  [1m[34mSELECT "blogs".* FROM "blogs"[0m
  ↳ app/views/blog/index.html.erb:4
  Rendered blog/index.html.erb within layouts/application (Duration: 4.7ms | Allocations: 569)
  Rendered layout layouts/application.html.erb (Duration: 20.2ms | Allocations: 2822)
Completed 200 OK in 24ms (Views: 21.5ms | ActiveRecord: 0.6ms | Allocations: 3164)


Started GET "/" for 127.0.0.1 at 2022-03-23 16:09:16 -0700
  [1m[36mActiveRecord::SchemaMigration Pluck (16.3ms)[0m  [1m[34mSELECT "schema_migrations"."version" FROM "schema_migrations" ORDER BY "schema_migrations"."version" ASC[0m
Processing by BlogController#index as HTML
  Rendering layout layouts/application.html.erb
  Rendering blog/index.html.erb within layouts/application
  [1m[36mBlog Load (2.2ms)[0m  [1m[34mSELECT "blogs".* FROM "blogs"[0m
  ↳ app/views/blog/index.html.erb:4
  Rendered blog/index.html.erb within layouts/application (Duration: 11.6ms | Allocations: 1248)
  Rendered layout layouts/application.html.erb (Duration: 239.2ms | Allocations: 36442)
Completed 200 OK in 303ms (Views: 253.2ms | ActiveRecord: 2.2ms | Allocations: 42308)


Started GET "/blogs/new" for 127.0.0.1 at 2022-03-23 16:09:20 -0700
Processing by BlogController#new as HTML
  Rendering layout layouts/application.html.erb
  Rendering blog/new.html.erb within layouts/application
  Rendered blog/new.html.erb within layouts/application (Duration: 63.4ms | Allocations: 8421)
  Rendered layout layouts/application.html.erb (Duration: 78.6ms | Allocations: 10516)
Completed 200 OK in 85ms (Views: 80.6ms | ActiveRecord: 0.0ms | Allocations: 10904)


Started POST "/blogs/new" for 127.0.0.1 at 2022-03-23 16:09:24 -0700
  
ActionController::RoutingError (No route matches [POST] "/blogs/new"):
  
Started GET "/blogs/new" for 127.0.0.1 at 2022-03-23 16:09:24 -0700
Processing by BlogController#new as HTML
  Rendering layout layouts/application.html.erb
  Rendering blog/new.html.erb within layouts/application
  Rendered blog/new.html.erb within layouts/application (Duration: 5.6ms | Allocations: 2299)
  Rendered layout layouts/application.html.erb (Duration: 16.3ms | Allocations: 4393)
Completed 200 OK in 21ms (Views: 18.3ms | ActiveRecord: 0.0ms | Allocations: 4713)


Started GET "/blogs" for 127.0.0.1 at 2022-03-23 16:09:26 -0700
Processing by BlogController#index as HTML
  Rendering layout layouts/application.html.erb
  Rendering blog/index.html.erb within layouts/application
  [1m[36mBlog Load (0.7ms)[0m  [1m[34mSELECT "blogs".* FROM "blogs"[0m
  ↳ app/views/blog/index.html.erb:4
  Rendered blog/index.html.erb within layouts/application (Duration: 6.0ms | Allocations: 570)
  Rendered layout layouts/application.html.erb (Duration: 19.9ms | Allocations: 2833)
Completed 200 OK in 25ms (Views: 21.8ms | ActiveRecord: 0.7ms | Allocations: 3175)


Started GET "/blogs/new" for 127.0.0.1 at 2022-03-23 16:09:36 -0700
Processing by BlogController#new as HTML
  Rendering layout layouts/application.html.erb
  Rendering blog/new.html.erb within layouts/application
  Rendered blog/new.html.erb within layouts/application (Duration: 4.4ms | Allocations: 2304)
  Rendered layout layouts/application.html.erb (Duration: 17.9ms | Allocations: 4399)
Completed 200 OK in 23ms (Views: 20.2ms | ActiveRecord: 0.0ms | Allocations: 4725)


Started GET "/blogs/new" for 127.0.0.1 at 2022-03-23 16:11:51 -0700
Processing by BlogController#new as HTML
  Rendering layout layouts/application.html.erb
  Rendering blog/new.html.erb within layouts/application
  Rendered blog/new.html.erb within layouts/application (Duration: 9.5ms | Allocations: 2959)
  Rendered layout layouts/application.html.erb (Duration: 66.6ms | Allocations: 16931)
Completed 200 OK in 76ms (Views: 72.5ms | ActiveRecord: 0.0ms | Allocations: 17997)


Started POST "/blogs/new" for 127.0.0.1 at 2022-03-23 16:11:57 -0700
  
ActionController::RoutingError (No route matches [POST] "/blogs/new"):
  
Started GET "/blogs/new" for 127.0.0.1 at 2022-03-23 16:11:57 -0700
Processing by BlogController#new as HTML
  Rendering layout layouts/application.html.erb
  Rendering blog/new.html.erb within layouts/application
  Rendered blog/new.html.erb within layouts/application (Duration: 4.5ms | Allocations: 2293)
  Rendered layout layouts/application.html.erb (Duration: 21.4ms | Allocations: 4397)
Completed 200 OK in 25ms (Views: 23.5ms | ActiveRecord: 0.0ms | Allocations: 4717)


Started GET "/blogs/new" for 127.0.0.1 at 2022-03-23 16:14:48 -0700
  [1m[36mActiveRecord::SchemaMigration Pluck (2.4ms)[0m  [1m[34mSELECT "schema_migrations"."version" FROM "schema_migrations" ORDER BY "schema_migrations"."version" ASC[0m
Processing by BlogController#new as HTML
  Rendering layout layouts/application.html.erb
  Rendering blog/new.html.erb within layouts/application
  Rendered blog/new.html.erb within layouts/application (Duration: 36.9ms | Allocations: 3477)
  Rendered layout layouts/application.html.erb (Duration: 224.2ms | Allocations: 38253)
Completed 200 OK in 332ms (Views: 238.1ms | ActiveRecord: 38.7ms | Allocations: 48607)


Started GET "/" for 127.0.0.1 at 2022-03-23 16:14:51 -0700
Processing by BlogController#index as HTML
  Rendering layout layouts/application.html.erb
  Rendering blog/index.html.erb within layouts/application
  [1m[36mBlog Load (1.0ms)[0m  [1m[34mSELECT "blogs".* FROM "blogs"[0m
  ↳ app/views/blog/index.html.erb:4
  Rendered blog/index.html.erb within layouts/application (Duration: 28.9ms | Allocations: 885)
  Rendered layout layouts/application.html.erb (Duration: 42.1ms | Allocations: 3144)
Completed 200 OK in 48ms (Views: 43.2ms | ActiveRecord: 1.0ms | Allocations: 3582)


Started GET "/blogs/new" for 127.0.0.1 at 2022-03-23 16:14:53 -0700
Processing by BlogController#new as HTML
  Rendering layout layouts/application.html.erb
  Rendering blog/new.html.erb within layouts/application
  Rendered blog/new.html.erb within layouts/application (Duration: 4.6ms | Allocations: 732)
  Rendered layout layouts/application.html.erb (Duration: 14.6ms | Allocations: 2827)
Completed 200 OK in 19ms (Views: 16.6ms | ActiveRecord: 0.0ms | Allocations: 3171)


Started POST "/blogs" for 127.0.0.1 at 2022-03-23 16:14:57 -0700
Processing by BlogController#create as TURBO_STREAM
  Parameters: {"authenticity_token"=>"[FILTERED]", "blog"=>{"title"=>"testest", "content"=>"estestestestse"}, "commit"=>"Add Blog Post"}
Completed 500 Internal Server Error in 21ms (ActiveRecord: 0.0ms | Allocations: 3429)


  
NameError (undefined local variable or method `blog_params' for #<BlogController:0x0000000000afa0>
Did you mean?  blog_path):
  
app/controllers/blog_controller.rb:12:in `create'
Started GET "/" for 127.0.0.1 at 2022-03-23 16:15:40 -0700
Processing by BlogController#index as HTML
  Rendering layout layouts/application.html.erb
  Rendering blog/index.html.erb within layouts/application
  [1m[36mBlog Load (0.8ms)[0m  [1m[34mSELECT "blogs".* FROM "blogs"[0m
  ↳ app/views/blog/index.html.erb:4
  Rendered blog/index.html.erb within layouts/application (Duration: 17.5ms | Allocations: 641)
  Rendered layout layouts/application.html.erb (Duration: 88.5ms | Allocations: 14575)
Completed 200 OK in 109ms (Views: 94.4ms | ActiveRecord: 0.8ms | Allocations: 15915)


Started GET "/blogs/new" for 127.0.0.1 at 2022-03-23 16:15:42 -0700
Processing by BlogController#new as HTML
  Rendering layout layouts/application.html.erb
  Rendering blog/new.html.erb within layouts/application
  Rendered blog/new.html.erb within layouts/application (Duration: 18.4ms | Allocations: 801)
  Rendered layout layouts/application.html.erb (Duration: 79.1ms | Allocations: 2895)
Completed 200 OK in 317ms (Views: 244.2ms | ActiveRecord: 17.6ms | Allocations: 4536)


Started POST "/blogs" for 127.0.0.1 at 2022-03-23 16:15:45 -0700
Processing by BlogController#create as TURBO_STREAM
  Parameters: {"authenticity_token"=>"[FILTERED]", "blog"=>{"title"=>"testest", "content"=>"testsetes"}, "commit"=>"Add Blog Post"}
  [1m[36mTRANSACTION (0.5ms)[0m  [1m[35mBEGIN[0m
  ↳ app/controllers/blog_controller.rb:12:in `create'
  [1m[36mBlog Create (4.2ms)[0m  [1m[32mINSERT INTO "blogs" ("title", "content", "created_at", "updated_at") VALUES ($1, $2, $3, $4) RETURNING "id"[0m  [["title", "testest"], ["content", "testsetes"], ["created_at", "2022-03-23 23:15:45.732053"], ["updated_at", "2022-03-23 23:15:45.732053"]]
  ↳ app/controllers/blog_controller.rb:12:in `create'
  [1m[36mTRANSACTION (26.2ms)[0m  [1m[35mCOMMIT[0m
  ↳ app/controllers/blog_controller.rb:12:in `create'
Redirected to http://127.0.0.1:3000/blogs
Completed 302 Found in 53ms (ActiveRecord: 30.8ms | Allocations: 3230)


Started GET "/blogs" for 127.0.0.1 at 2022-03-23 16:15:45 -0700
Processing by BlogController#index as TURBO_STREAM
  Rendering layout layouts/application.html.erb
  Rendering blog/index.html.erb within layouts/application
  [1m[36mBlog Load (0.6ms)[0m  [1m[34mSELECT "blogs".* FROM "blogs"[0m
  ↳ app/views/blog/index.html.erb:4
  Rendered blog/index.html.erb within layouts/application (Duration: 14.3ms | Allocations: 627)
  Rendered layout layouts/application.html.erb (Duration: 27.2ms | Allocations: 2893)
Completed 200 OK in 31ms (Views: 28.2ms | ActiveRecord: 0.6ms | Allocations: 3278)


Started GET "/blogs/new" for 127.0.0.1 at 2022-03-23 16:15:58 -0700
Processing by BlogController#new as HTML
  Rendering layout layouts/application.html.erb
  Rendering blog/new.html.erb within layouts/application
  Rendered blog/new.html.erb within layouts/application (Duration: 6.4ms | Allocations: 748)
  Rendered layout layouts/application.html.erb (Duration: 23.8ms | Allocations: 2852)
Completed 200 OK in 29ms (Views: 26.4ms | ActiveRecord: 0.0ms | Allocations: 3196)


Started POST "/blogs" for 127.0.0.1 at 2022-03-23 16:16:02 -0700
Processing by BlogController#create as TURBO_STREAM
  Parameters: {"authenticity_token"=>"[FILTERED]", "blog"=>{"title"=>"testest", "content"=>"testestsetest"}, "commit"=>"Add Blog Post"}
  [1m[36mTRANSACTION (0.4ms)[0m  [1m[35mBEGIN[0m
  ↳ app/controllers/blog_controller.rb:12:in `create'
  [1m[36mBlog Create (3.2ms)[0m  [1m[32mINSERT INTO "blogs" ("title", "content", "created_at", "updated_at") VALUES ($1, $2, $3, $4) RETURNING "id"[0m  [["title", "testest"], ["content", "testestsetest"], ["created_at", "2022-03-23 23:16:02.078428"], ["updated_at", "2022-03-23 23:16:02.078428"]]
  ↳ app/controllers/blog_controller.rb:12:in `create'
  [1m[36mTRANSACTION (1.6ms)[0m  [1m[35mCOMMIT[0m
  ↳ app/controllers/blog_controller.rb:12:in `create'
Redirected to http://127.0.0.1:3000/blogs
Completed 302 Found in 25ms (ActiveRecord: 5.2ms | Allocations: 2104)


Started GET "/blogs" for 127.0.0.1 at 2022-03-23 16:16:02 -0700
Processing by BlogController#index as TURBO_STREAM
  Rendering layout layouts/application.html.erb
  Rendering blog/index.html.erb within layouts/application
  [1m[36mBlog Load (0.7ms)[0m  [1m[34mSELECT "blogs".* FROM "blogs"[0m
  ↳ app/views/blog/index.html.erb:4
  Rendered blog/index.html.erb within layouts/application (Duration: 5.0ms | Allocations: 603)
  Rendered layout layouts/application.html.erb (Duration: 18.4ms | Allocations: 2883)
Completed 200 OK in 24ms (Views: 20.7ms | ActiveRecord: 0.7ms | Allocations: 3220)


Started GET "/blogs" for 127.0.0.1 at 2022-03-23 16:18:20 -0700
Processing by BlogController#index as HTML
  Rendering layout layouts/application.html.erb
  Rendering blog/index.html.erb within layouts/application
  [1m[36mBlog Load (1.6ms)[0m  [1m[34mSELECT "blogs".* FROM "blogs"[0m
  ↳ app/views/blog/index.html.erb:4
  Rendered blog/index.html.erb within layouts/application (Duration: 17.0ms | Allocations: 603)
  Rendered layout layouts/application.html.erb (Duration: 45.9ms | Allocations: 2861)
Completed 200 OK in 55ms (Views: 48.5ms | ActiveRecord: 1.6ms | Allocations: 3192)


Started GET "/blogs/new" for 127.0.0.1 at 2022-03-23 16:18:23 -0700
Processing by BlogController#new as HTML
  Rendering layout layouts/application.html.erb
  Rendering blog/new.html.erb within layouts/application
  Rendered blog/new.html.erb within layouts/application (Duration: 5.8ms | Allocations: 736)
  Rendered layout layouts/application.html.erb (Duration: 25.7ms | Allocations: 2830)
Completed 200 OK in 33ms (Views: 29.7ms | ActiveRecord: 0.0ms | Allocations: 3166)


Started POST "/blogs" for 127.0.0.1 at 2022-03-23 16:18:32 -0700
Processing by BlogController#create as TURBO_STREAM
  Parameters: {"authenticity_token"=>"[FILTERED]", "blog"=>{"title"=>"beach", "content"=>"had a beach day"}, "commit"=>"Add Blog Post"}
  [1m[36mTRANSACTION (0.7ms)[0m  [1m[35mBEGIN[0m
  ↳ app/controllers/blog_controller.rb:12:in `create'
  [1m[36mBlog Create (1.1ms)[0m  [1m[32mINSERT INTO "blogs" ("title", "content", "created_at", "updated_at") VALUES ($1, $2, $3, $4) RETURNING "id"[0m  [["title", "beach"], ["content", "had a beach day"], ["created_at", "2022-03-23 23:18:32.949047"], ["updated_at", "2022-03-23 23:18:32.949047"]]
  ↳ app/controllers/blog_controller.rb:12:in `create'
  [1m[36mTRANSACTION (1.2ms)[0m  [1m[35mCOMMIT[0m
  ↳ app/controllers/blog_controller.rb:12:in `create'
Redirected to http://127.0.0.1:3000/blogs
Completed 302 Found in 44ms (ActiveRecord: 3.0ms | Allocations: 2132)


Started GET "/blogs" for 127.0.0.1 at 2022-03-23 16:18:32 -0700
Processing by BlogController#index as TURBO_STREAM
  Rendering layout layouts/application.html.erb
  Rendering blog/index.html.erb within layouts/application
  [1m[36mBlog Load (1.0ms)[0m  [1m[34mSELECT "blogs".* FROM "blogs"[0m
  ↳ app/views/blog/index.html.erb:4
  Rendered blog/index.html.erb within layouts/application (Duration: 7.5ms | Allocations: 617)
  Rendered layout layouts/application.html.erb (Duration: 24.6ms | Allocations: 2893)
Completed 200 OK in 31ms (Views: 27.2ms | ActiveRecord: 1.0ms | Allocations: 3230)


Started GET "/blogs" for 127.0.0.1 at 2022-03-23 16:24:47 -0700
Processing by BlogController#index as HTML
  Rendering layout layouts/application.html.erb
  Rendering blog/index.html.erb within layouts/application
  [1m[36mBlog Load (1.7ms)[0m  [1m[34mSELECT "blogs".* FROM "blogs"[0m
  ↳ app/views/blog/index.html.erb:4
  Rendered blog/index.html.erb within layouts/application (Duration: 139.7ms | Allocations: 7232)
  Rendered layout layouts/application.html.erb (Duration: 140.4ms | Allocations: 7311)
Completed 500 Internal Server Error in 152ms (ActiveRecord: 50.1ms | Allocations: 8326)


  
ActionView::Template::Error (undefined local variable or method `blog_show_path' for #<ActionView::Base:0x0000000000f5a0>
Did you mean?  blogs_path):
    3: <ul>
    4: <% @blog.each do |blog_post| %>
    5:     <li>
    6:     <%= link_to blog_post.title, blog_show_path %>
    7:     </li> 
    8: <% end %>
    9: </ul>
  
app/views/blog/index.html.erb:6
app/views/blog/index.html.erb:4
Started GET "/blogs" for 127.0.0.1 at 2022-03-23 16:25:13 -0700
Processing by BlogController#index as HTML
  Rendering layout layouts/application.html.erb
  Rendering blog/index.html.erb within layouts/application
  [1m[36mBlog Load (1.0ms)[0m  [1m[34mSELECT "blogs".* FROM "blogs"[0m
  ↳ app/views/blog/index.html.erb:4
  Rendered blog/index.html.erb within layouts/application (Duration: 43.3ms | Allocations: 4996)
  Rendered layout layouts/application.html.erb (Duration: 44.0ms | Allocations: 5075)
Completed 500 Internal Server Error in 56ms (ActiveRecord: 1.0ms | Allocations: 6086)


  
ActionView::Template::Error (undefined local variable or method `blog_show' for #<ActionView::Base:0x0000000000f8c0>
Did you mean?  blog_post):
    3: <ul>
    4: <% @blog.each do |blog_post| %>
    5:     <li>
    6:     <%= link_to blog_post.title, blog_show %>
    7:     </li> 
    8: <% end %>
    9: </ul>
  
app/views/blog/index.html.erb:6
app/views/blog/index.html.erb:4
Started GET "/blogs" for 127.0.0.1 at 2022-03-23 16:27:47 -0700
Processing by BlogController#index as HTML
  Rendering layout layouts/application.html.erb
  Rendering blog/index.html.erb within layouts/application
  [1m[36mBlog Load (0.6ms)[0m  [1m[34mSELECT "blogs".* FROM "blogs"[0m
  ↳ app/views/blog/index.html.erb:4
  Rendered blog/index.html.erb within layouts/application (Duration: 23.0ms | Allocations: 5012)
  Rendered layout layouts/application.html.erb (Duration: 23.5ms | Allocations: 5091)
Completed 500 Internal Server Error in 31ms (ActiveRecord: 0.6ms | Allocations: 6100)


  
ActionView::Template::Error (undefined local variable or method `blog_show' for #<ActionView::Base:0x0000000000fc08>
Did you mean?  blog_post):
    4: <% @blog.each do |blog_post| %>
    5:     <li>
    6:      <%= blog_post.title %>
    7:     # <%= link_to blog_post.title, blog_show %>
    8:     </li> 
    9: <% end %>
   10: </ul>
  
app/views/blog/index.html.erb:7
app/views/blog/index.html.erb:4
Started GET "/blogs" for 127.0.0.1 at 2022-03-23 16:28:07 -0700
Processing by BlogController#index as HTML
  Rendering layout layouts/application.html.erb
  Rendering blog/index.html.erb within layouts/application
  [1m[36mBlog Load (0.7ms)[0m  [1m[34mSELECT "blogs".* FROM "blogs"[0m
  ↳ app/views/blog/index.html.erb:4
  Rendered blog/index.html.erb within layouts/application (Duration: 7.2ms | Allocations: 827)
  Rendered layout layouts/application.html.erb (Duration: 28.3ms | Allocations: 3389)
Completed 200 OK in 36ms (Views: 32.9ms | ActiveRecord: 0.7ms | Allocations: 4433)


Started GET "/blogs" for 127.0.0.1 at 2022-03-23 16:29:33 -0700
Processing by BlogController#index as HTML
  Rendering layout layouts/application.html.erb
  Rendering blog/index.html.erb within layouts/application
  [1m[36mBlog Load (0.6ms)[0m  [1m[34mSELECT "blogs".* FROM "blogs"[0m
  ↳ app/views/blog/index.html.erb:4
  Rendered blog/index.html.erb within layouts/application (Duration: 29.1ms | Allocations: 4932)
  Rendered layout layouts/application.html.erb (Duration: 29.6ms | Allocations: 5011)
Completed 500 Internal Server Error in 35ms (ActiveRecord: 0.6ms | Allocations: 6020)


  
ActionView::Template::Error (undefined local variable or method `blog_post_path' for #<ActionView::Base:0x0000000000ffc8>
Did you mean?  blogs_path):
    3: <ul>
    4: <% @blog.each do |blog_post| %>
    5:     <li>
    6:      <%= link_to blog_post.title, blog_post_path %>
    7:     </li> 
    8: <% end %>
    9: </ul>
  
app/views/blog/index.html.erb:6
app/views/blog/index.html.erb:4
Started GET "/blogs" for 127.0.0.1 at 2022-03-23 16:29:59 -0700
Processing by BlogController#index as HTML
  Rendering layout layouts/application.html.erb
  Rendering blog/index.html.erb within layouts/application
  [1m[36mBlog Load (0.5ms)[0m  [1m[34mSELECT "blogs".* FROM "blogs"[0m
  ↳ app/views/blog/index.html.erb:4
  Rendered blog/index.html.erb within layouts/application (Duration: 34.4ms | Allocations: 4929)
  Rendered layout layouts/application.html.erb (Duration: 35.0ms | Allocations: 5008)
Completed 500 Internal Server Error in 46ms (ActiveRecord: 0.5ms | Allocations: 6017)


  
ActionView::Template::Error (undefined local variable or method `blog_post_path' for #<ActionView::Base:0x000000000102e8>
Did you mean?  blogs_path):
    3: <ul>
    4: <% @blog.each do |blog_post| %>
    5:     <li>
    6:      <%= link_to blog_post_path %>
    7:     </li> 
    8: <% end %>
    9: </ul>
  
app/views/blog/index.html.erb:6
app/views/blog/index.html.erb:4
Started GET "/blogs" for 127.0.0.1 at 2022-03-23 16:30:40 -0700
Processing by BlogController#index as HTML
  Rendering layout layouts/application.html.erb
  Rendering blog/index.html.erb within layouts/application
  Rendered blog/index.html.erb within layouts/application (Duration: 2.4ms | Allocations: 1184)
  Rendered layout layouts/application.html.erb (Duration: 2.8ms | Allocations: 1264)
Completed 500 Internal Server Error in 12ms (ActiveRecord: 0.0ms | Allocations: 2278)


  
ActionView::SyntaxErrorInTemplate (Encountered a syntax error while rendering template: check <h1>Super Duper Blog</h1>

<ul>
<% @blog.each do |blog_post| %>
    <li>
     <%= link_to 'Blog Post' blog_post_path %>
    </li> 
<% end %>
</ul>

<p><%= link_to 'New Blog', new_blog_path %></p>
):
1:    <h1>Super Duper Blog</h1>
2:    
3:    <ul>
4:    <% @blog.each do |blog_post| %>
5:        <li>
6:         <%= link_to 'Blog Post' blog_post_path %>
7:        </li> 
8:    <% end %>
9:    </ul>
10:    
11:    <p><%= link_to 'New Blog', new_blog_path %></p>
  
app/views/blog/index.html.erb:6: syntax error, unexpected local variable or method, expecting ')'
app/views/blog/index.html.erb:6: syntax error, unexpected local variable or method, expecting ')'
app/views/blog/index.html.erb:6: syntax error, unexpected local variable or method, expecting ')'
app/views/blog/index.html.erb:6: syntax error, unexpected local variable or method, expecting ')'
app/views/blog/index.html.erb:6: syntax error, unexpected local variable or method, expecting ')'
app/views/blog/index.html.erb:6: syntax error, unexpected local variable or method, expecting ')'
Started GET "/blogs" for 127.0.0.1 at 2022-03-23 16:31:32 -0700
Processing by BlogController#index as HTML
  Rendering layout layouts/application.html.erb
  Rendering blog/index.html.erb within layouts/application
  [1m[36mBlog Load (0.5ms)[0m  [1m[34mSELECT "blogs".* FROM "blogs"[0m
  ↳ app/views/blog/index.html.erb:4
  Rendered blog/index.html.erb within layouts/application (Duration: 6.1ms | Allocations: 827)
  Rendered layout layouts/application.html.erb (Duration: 22.4ms | Allocations: 3395)
Completed 200 OK in 33ms (Views: 29.2ms | ActiveRecord: 0.5ms | Allocations: 4439)


Started GET "/blogs" for 127.0.0.1 at 2022-03-23 16:37:08 -0700
  
SyntaxError (/Users/learnacademy/Desktop/LEARN/full-stack-rails-team-nate-omar-jennice/blog_post_challenge/config/routes.rb:2: syntax error, unexpected string literal, expecting `do' or '{' or '('
...t 'blogs' => 'blog#index', as 'blogs'
...                              ^
/Users/learnacademy/Desktop/LEARN/full-stack-rails-team-nate-omar-jennice/blog_post_challenge/config/routes.rb:4: syntax error, unexpected string literal, expecting `do' or '{' or '('
...'blogs/new' => 'blog#new', as 'new_blog'
...                              ^
/Users/learnacademy/Desktop/LEARN/full-stack-rails-team-nate-omar-jennice/blog_post_challenge/config/routes.rb:5: syntax error, unexpected string literal, expecting `do' or '{' or '('
...blogs/:id' => 'blog#show', as 'blog'
...                              ^
):
  
config/routes.rb:2: syntax error, unexpected string literal, expecting `do' or '{' or '('
config/routes.rb:4: syntax error, unexpected string literal, expecting `do' or '{' or '('
config/routes.rb:5: syntax error, unexpected string literal, expecting `do' or '{' or '('
config/routes.rb:2: syntax error, unexpected string literal, expecting `do' or '{' or '('
config/routes.rb:4: syntax error, unexpected string literal, expecting `do' or '{' or '('
config/routes.rb:5: syntax error, unexpected string literal, expecting `do' or '{' or '('
config/routes.rb:2: syntax error, unexpected string literal, expecting `do' or '{' or '('
config/routes.rb:4: syntax error, unexpected string literal, expecting `do' or '{' or '('
config/routes.rb:5: syntax error, unexpected string literal, expecting `do' or '{' or '('
Started GET "/blogs" for 127.0.0.1 at 2022-03-23 16:37:44 -0700
Processing by BlogController#index as HTML
  Rendering layout layouts/application.html.erb
  Rendering blog/index.html.erb within layouts/application
  [1m[36mBlog Load (3.0ms)[0m  [1m[34mSELECT "blogs".* FROM "blogs"[0m
  ↳ app/views/blog/index.html.erb:4
  Rendered blog/index.html.erb within layouts/application (Duration: 204.2ms | Allocations: 4095)
  Rendered layout layouts/application.html.erb (Duration: 330.1ms | Allocations: 18029)
Completed 200 OK in 355ms (Views: 336.7ms | ActiveRecord: 113.9ms | Allocations: 19366)


Started GET "/blogs/new" for 127.0.0.1 at 2022-03-23 16:37:47 -0700
Processing by BlogController#new as HTML
  Rendering layout layouts/application.html.erb
  Rendering blog/new.html.erb within layouts/application
  Rendered blog/new.html.erb within layouts/application (Duration: 29.1ms | Allocations: 1045)
  Rendered layout layouts/application.html.erb (Duration: 61.3ms | Allocations: 3146)
Completed 200 OK in 71ms (Views: 64.7ms | ActiveRecord: 0.0ms | Allocations: 3548)


Started GET "/blogs/new" for 127.0.0.1 at 2022-03-23 16:40:00 -0700
Processing by BlogController#new as HTML
  Rendering layout layouts/application.html.erb
  Rendering blog/new.html.erb within layouts/application
  Rendered blog/new.html.erb within layouts/application (Duration: 12.1ms | Allocations: 1051)
  Rendered layout layouts/application.html.erb (Duration: 35.5ms | Allocations: 3437)
Completed 200 OK in 51ms (Views: 43.1ms | ActiveRecord: 0.0ms | Allocations: 4482)


Started GET "/" for 127.0.0.1 at 2022-03-23 16:40:03 -0700
Processing by BlogController#index as HTML
  Rendering layout layouts/application.html.erb
  Rendering blog/index.html.erb within layouts/application
  [1m[36mBlog Load (1.0ms)[0m  [1m[34mSELECT "blogs".* FROM "blogs"[0m
  ↳ app/views/blog/index.html.erb:4
  Rendered blog/index.html.erb within layouts/application (Duration: 40.1ms | Allocations: 4995)
  Rendered layout layouts/application.html.erb (Duration: 41.1ms | Allocations: 5073)
Completed 500 Internal Server Error in 46ms (ActiveRecord: 1.0ms | Allocations: 5431)


  
ActionView::Template::Error (undefined local variable or method `blog' for #<ActionView::Base:0x00000000014938>
Did you mean?  @blog):
    3: <ul>
    4: <% @blog.each do |blog_post| %>
    5:     <li>
    6:      <%= link_to blog.title, blog_path(blog) %>
    7:     </li> 
    8: <% end %>
    9: </ul>
  
app/views/blog/index.html.erb:6
app/views/blog/index.html.erb:4
Started GET "/" for 127.0.0.1 at 2022-03-23 16:41:11 -0700
Processing by BlogController#index as HTML
  Rendering layout layouts/application.html.erb
  Rendering blog/index.html.erb within layouts/application
  [1m[36mBlog Load (0.7ms)[0m  [1m[34mSELECT "blogs".* FROM "blogs"[0m
  ↳ app/views/blog/index.html.erb:4
  Rendered blog/index.html.erb within layouts/application (Duration: 29.3ms | Allocations: 896)
  Rendered layout layouts/application.html.erb (Duration: 47.3ms | Allocations: 3468)
Completed 200 OK in 60ms (Views: 55.8ms | ActiveRecord: 0.7ms | Allocations: 4511)


Started GET "/blogs/1" for 127.0.0.1 at 2022-03-23 16:41:15 -0700
Processing by BlogController#show as HTML
  Parameters: {"id"=>"1"}
  [1m[36mBlog Load (1.1ms)[0m  [1m[34mSELECT "blogs".* FROM "blogs" WHERE "blogs"."id" = $1 LIMIT $2[0m  [["id", 1], ["LIMIT", 1]]
  ↳ app/controllers/blog_controller.rb:6:in `show'
  Rendering layout layouts/application.html.erb
  Rendering blog/show.html.erb within layouts/application
  Rendered blog/show.html.erb within layouts/application (Duration: 2.9ms | Allocations: 154)
  Rendered layout layouts/application.html.erb (Duration: 15.1ms | Allocations: 2417)
Completed 200 OK in 69ms (Views: 17.2ms | ActiveRecord: 2.0ms | Allocations: 7924)


Started GET "/blogs/2" for 127.0.0.1 at 2022-03-23 16:41:18 -0700
Processing by BlogController#show as HTML
  Parameters: {"id"=>"2"}
  [1m[36mBlog Load (0.7ms)[0m  [1m[34mSELECT "blogs".* FROM "blogs" WHERE "blogs"."id" = $1 LIMIT $2[0m  [["id", 2], ["LIMIT", 1]]
  ↳ app/controllers/blog_controller.rb:6:in `show'
  Rendering layout layouts/application.html.erb
  Rendering blog/show.html.erb within layouts/application
  Rendered blog/show.html.erb within layouts/application (Duration: 0.3ms | Allocations: 18)
  Rendered layout layouts/application.html.erb (Duration: 14.7ms | Allocations: 2275)
Completed 200 OK in 25ms (Views: 16.8ms | ActiveRecord: 0.7ms | Allocations: 3071)


Started GET "/blogs/3" for 127.0.0.1 at 2022-03-23 16:41:21 -0700
Processing by BlogController#show as HTML
  Parameters: {"id"=>"3"}
  [1m[36mBlog Load (1.1ms)[0m  [1m[34mSELECT "blogs".* FROM "blogs" WHERE "blogs"."id" = $1 LIMIT $2[0m  [["id", 3], ["LIMIT", 1]]
  ↳ app/controllers/blog_controller.rb:6:in `show'
  Rendering layout layouts/application.html.erb
  Rendering blog/show.html.erb within layouts/application
  Rendered blog/show.html.erb within layouts/application (Duration: 0.3ms | Allocations: 18)
  Rendered layout layouts/application.html.erb (Duration: 13.0ms | Allocations: 2274)
Completed 200 OK in 22ms (Views: 14.8ms | ActiveRecord: 1.1ms | Allocations: 3070)


Started GET "/blogs/1" for 127.0.0.1 at 2022-03-23 16:41:24 -0700
Processing by BlogController#show as HTML
  Parameters: {"id"=>"1"}
  [1m[36mBlog Load (0.9ms)[0m  [1m[34mSELECT "blogs".* FROM "blogs" WHERE "blogs"."id" = $1 LIMIT $2[0m  [["id", 1], ["LIMIT", 1]]
  ↳ app/controllers/blog_controller.rb:6:in `show'
  Rendering layout layouts/application.html.erb
  Rendering blog/show.html.erb within layouts/application
  Rendered blog/show.html.erb within layouts/application (Duration: 0.2ms | Allocations: 18)
  Rendered layout layouts/application.html.erb (Duration: 12.5ms | Allocations: 2285)
Completed 200 OK in 45ms (Views: 14.5ms | ActiveRecord: 0.9ms | Allocations: 3082)


Started GET "/blogs/2" for 127.0.0.1 at 2022-03-23 16:42:03 -0700
Processing by BlogController#show as HTML
  Parameters: {"id"=>"2"}
  [1m[36mBlog Load (0.7ms)[0m  [1m[34mSELECT "blogs".* FROM "blogs" WHERE "blogs"."id" = $1 LIMIT $2[0m  [["id", 2], ["LIMIT", 1]]
  ↳ app/controllers/blog_controller.rb:6:in `show'
  Rendering layout layouts/application.html.erb
  Rendering blog/show.html.erb within layouts/application
  Rendered blog/show.html.erb within layouts/application (Duration: 0.2ms | Allocations: 18)
  Rendered layout layouts/application.html.erb (Duration: 12.1ms | Allocations: 2277)
Completed 200 OK in 38ms (Views: 13.9ms | ActiveRecord: 0.7ms | Allocations: 3073)


Started GET "/blogs/3" for 127.0.0.1 at 2022-03-23 16:42:05 -0700
Processing by BlogController#show as HTML
  Parameters: {"id"=>"3"}
  [1m[36mBlog Load (0.9ms)[0m  [1m[34mSELECT "blogs".* FROM "blogs" WHERE "blogs"."id" = $1 LIMIT $2[0m  [["id", 3], ["LIMIT", 1]]
  ↳ app/controllers/blog_controller.rb:6:in `show'
  Rendering layout layouts/application.html.erb
  Rendering blog/show.html.erb within layouts/application
  Rendered blog/show.html.erb within layouts/application (Duration: 0.2ms | Allocations: 18)
  Rendered layout layouts/application.html.erb (Duration: 11.1ms | Allocations: 2266)
Completed 200 OK in 38ms (Views: 12.8ms | ActiveRecord: 0.9ms | Allocations: 3062)


Started GET "/" for 127.0.0.1 at 2022-03-23 16:44:07 -0700
Processing by BlogController#index as HTML
  Rendering layout layouts/application.html.erb
  Rendering blog/index.html.erb within layouts/application
  [1m[36mBlog Load (0.3ms)[0m  [1m[34mSELECT "blogs".* FROM "blogs"[0m
  ↳ app/views/blog/index.html.erb:4
  Rendered blog/index.html.erb within layouts/application (Duration: 29.7ms | Allocations: 890)
  Rendered layout layouts/application.html.erb (Duration: 71.3ms | Allocations: 3438)
Completed 200 OK in 78ms (Views: 75.3ms | ActiveRecord: 0.3ms | Allocations: 4481)


Started GET "/blogs/1" for 127.0.0.1 at 2022-03-23 16:44:09 -0700
Processing by BlogController#show as HTML
  Parameters: {"id"=>"1"}
  [1m[36mBlog Load (0.6ms)[0m  [1m[34mSELECT "blogs".* FROM "blogs" WHERE "blogs"."id" = $1 LIMIT $2[0m  [["id", 1], ["LIMIT", 1]]
  ↳ app/controllers/blog_controller.rb:6:in `show'
  Rendering layout layouts/application.html.erb
  Rendering blog/show.html.erb within layouts/application
  Rendered blog/show.html.erb within layouts/application (Duration: 1.1ms | Allocations: 151)
  Rendered layout layouts/application.html.erb (Duration: 6.4ms | Allocations: 2422)
Completed 200 OK in 18ms (Views: 7.3ms | ActiveRecord: 0.6ms | Allocations: 3276)


Started GET "/blogs/2" for 127.0.0.1 at 2022-03-23 16:44:11 -0700
Processing by BlogController#show as HTML
  Parameters: {"id"=>"2"}
  [1m[36mBlog Load (0.4ms)[0m  [1m[34mSELECT "blogs".* FROM "blogs" WHERE "blogs"."id" = $1 LIMIT $2[0m  [["id", 2], ["LIMIT", 1]]
  ↳ app/controllers/blog_controller.rb:6:in `show'
  Rendering layout layouts/application.html.erb
  Rendering blog/show.html.erb within layouts/application
  Rendered blog/show.html.erb within layouts/application (Duration: 0.1ms | Allocations: 19)
  Rendered layout layouts/application.html.erb (Duration: 4.8ms | Allocations: 2262)
Completed 200 OK in 20ms (Views: 5.5ms | ActiveRecord: 0.4ms | Allocations: 3058)


Started GET "/blogs/3" for 127.0.0.1 at 2022-03-23 16:44:13 -0700
Processing by BlogController#show as HTML
  Parameters: {"id"=>"3"}
  [1m[36mBlog Load (0.3ms)[0m  [1m[34mSELECT "blogs".* FROM "blogs" WHERE "blogs"."id" = $1 LIMIT $2[0m  [["id", 3], ["LIMIT", 1]]
  ↳ app/controllers/blog_controller.rb:6:in `show'
  Rendering layout layouts/application.html.erb
  Rendering blog/show.html.erb within layouts/application
  Rendered blog/show.html.erb within layouts/application (Duration: 0.1ms | Allocations: 19)
  Rendered layout layouts/application.html.erb (Duration: 5.9ms | Allocations: 2278)
Completed 200 OK in 17ms (Views: 6.9ms | ActiveRecord: 0.3ms | Allocations: 3074)


Started GET "/blogs/1" for 127.0.0.1 at 2022-03-23 16:47:49 -0700
Processing by BlogController#show as HTML
  Parameters: {"id"=>"1"}
  [1m[36mBlog Load (0.4ms)[0m  [1m[34mSELECT "blogs".* FROM "blogs" WHERE "blogs"."id" = $1 LIMIT $2[0m  [["id", 1], ["LIMIT", 1]]
  ↳ app/controllers/blog_controller.rb:6:in `show'
  Rendering layout layouts/application.html.erb
  Rendering blog/show.html.erb within layouts/application
  Rendered blog/show.html.erb within layouts/application (Duration: 1.3ms | Allocations: 155)
  Rendered layout layouts/application.html.erb (Duration: 10.8ms | Allocations: 2707)
Completed 200 OK in 20ms (Views: 14.4ms | ActiveRecord: 0.4ms | Allocations: 4215)


Started GET "/blogs/3" for 127.0.0.1 at 2022-03-23 16:47:52 -0700
Processing by BlogController#show as HTML
  Parameters: {"id"=>"3"}
  [1m[36mBlog Load (0.3ms)[0m  [1m[34mSELECT "blogs".* FROM "blogs" WHERE "blogs"."id" = $1 LIMIT $2[0m  [["id", 3], ["LIMIT", 1]]
  ↳ app/controllers/blog_controller.rb:6:in `show'
  Rendering layout layouts/application.html.erb
  Rendering blog/show.html.erb within layouts/application
  Rendered blog/show.html.erb within layouts/application (Duration: 0.1ms | Allocations: 19)
  Rendered layout layouts/application.html.erb (Duration: 7.5ms | Allocations: 2266)
Completed 200 OK in 12ms (Views: 8.3ms | ActiveRecord: 0.3ms | Allocations: 3063)


